<?xml version="1.0" encoding="UTF-8"?>
<testng-results ignored="0" total="1" passed="1" failed="0" skipped="0">
  <reporter-output>
  </reporter-output>
  <suite started-at="2021-07-14T23:20:26 EDT" name="Suite" finished-at="2021-07-14T23:20:40 EDT" duration-ms="14509">
    <groups>
    </groups>
    <test started-at="2021-07-14T23:20:26 EDT" name="Test" finished-at="2021-07-14T23:20:40 EDT" duration-ms="14509">
      <class name="com.smoke.ZooplaTestRun">
        <test-method is-config="true" signature="startTest()[pri:0, instance:com.smoke.ZooplaTestRun@2accdbb5]" started-at="2021-07-14T23:20:26 EDT" name="startTest" finished-at="2021-07-14T23:20:30 EDT" duration-ms="3806" status="PASS">
          <reporter-output>
          </reporter-output>
        </test-method> <!-- startTest -->
        <test-method signature="loginTest()[pri:0, instance:com.smoke.ZooplaTestRun@2accdbb5]" started-at="2021-07-14T23:20:30 EDT" name="loginTest" finished-at="2021-07-14T23:20:39 EDT" duration-ms="9763" status="PASS">
          <reporter-output>
          </reporter-output>
        </test-method> <!-- loginTest -->
        <test-method is-config="true" signature="tearDown()[pri:0, instance:com.smoke.ZooplaTestRun@2accdbb5]" started-at="2021-07-14T23:20:39 EDT" name="tearDown" finished-at="2021-07-14T23:20:40 EDT" duration-ms="859" status="PASS">
          <reporter-output>
          </reporter-output>
        </test-method> <!-- tearDown -->
      </class> <!-- com.smoke.ZooplaTestRun -->
    </test> <!-- Test -->
  </suite> <!-- Suite -->
</testng-results>
