<?xml version="1.0" encoding="UTF-8"?>
<testng-results ignored="0" total="1" passed="1" failed="0" skipped="0">
  <reporter-output>
  </reporter-output>
  <suite started-at="2021-08-01T07:38:30 EDT" name="Default suite" finished-at="2021-08-01T07:38:45 EDT" duration-ms="14752">
    <groups>
    </groups>
    <test started-at="2021-08-01T07:38:30 EDT" name="Default test" finished-at="2021-08-01T07:38:45 EDT" duration-ms="14752">
      <class name="com.smoke.ZooplaTestRun">
        <test-method is-config="true" signature="startTest()[pri:0, instance:com.smoke.ZooplaTestRun@4de4b452]" started-at="2021-08-01T07:38:30 EDT" name="startTest" finished-at="2021-08-01T07:38:36 EDT" duration-ms="6193" status="PASS">
          <reporter-output>
          </reporter-output>
        </test-method> <!-- startTest -->
        <test-method signature="loginTest()[pri:0, instance:com.smoke.ZooplaTestRun@4de4b452]" started-at="2021-08-01T07:38:36 EDT" name="loginTest" finished-at="2021-08-01T07:38:44 EDT" duration-ms="7622" status="PASS">
          <reporter-output>
          </reporter-output>
        </test-method> <!-- loginTest -->
        <test-method is-config="true" signature="tearDown()[pri:0, instance:com.smoke.ZooplaTestRun@4de4b452]" started-at="2021-08-01T07:38:44 EDT" name="tearDown" finished-at="2021-08-01T07:38:45 EDT" duration-ms="887" status="PASS">
          <reporter-output>
          </reporter-output>
        </test-method> <!-- tearDown -->
      </class> <!-- com.smoke.ZooplaTestRun -->
    </test> <!-- Default test -->
  </suite> <!-- Default suite -->
</testng-results>
